# JRE version: OpenJDK Runtime Environment (17.0.10) (build 17.0.10+0--11572160)
# Java VM: OpenJDK 64-Bit Server VM (17.0.10+0--11572160, mixed mode, tiered, compressed oops, compressed class ptrs, g1 gc, windows-amd64)
GC Precious Log:
 CPUs: 12 total, 12 available
 Memory: 16330M
 Large Page Support: Disabled
 NUMA Support: Disabled
 Compressed Oops: Enabled (32-bit)
 Heap Region Size: 1M
 Heap Min Capacity: 8M
 Heap Initial Capacity: 256M
 Heap Max Capacity: 2G
 Pre-touch: Disabled
 Parallel Workers: 10
 Concurrent Workers: 3
 Concurrent Refinement Workers: 10
 Periodic GC: Disabled
Heap:
 garbage-first heap   total 215040K, used 162027K [0x0000000080000000, 0x0000000100000000)
  region size 1024K, 8 young (8192K), 3 survivors (3072K)
 Metaspace       used 116687K, committed 117504K, reserved 1179648K
  class space    used 16107K, committed 16512K, reserved 1048576K
GC Heap History (20 events):
Event: 19.551 GC heap before
{Heap before GC invocations=51 (full 0):
 garbage-first heap   total 179200K, used 149500K [0x0000000080000000, 0x0000000100000000)
  region size 1024K, 26 young (26624K), 4 survivors (4096K)
 Metaspace       used 106382K, committed 107200K, reserved 1179648K
  class space    used 14895K, committed 15296K, reserved 1048576K
}
Event: 19.555 GC heap after
{Heap after GC invocations=52 (full 0):
 garbage-first heap   total 179200K, used 131256K [0x0000000080000000, 0x0000000100000000)
  region size 1024K, 4 young (4096K), 4 survivors (4096K)
 Metaspace       used 106382K, committed 107200K, reserved 1179648K
  class space    used 14895K, committed 15296K, reserved 1048576K
}
Event: 19.744 GC heap before
{Heap before GC invocations=52 (full 0):
 garbage-first heap   total 179200K, used 149688K [0x0000000080000000, 0x0000000100000000)
  region size 1024K, 23 young (23552K), 4 survivors (4096K)
 Metaspace       used 106413K, committed 107264K, reserved 1179648K
  class space    used 14902K, committed 15360K, reserved 1048576K
}
Event: 19.747 GC heap after
{Heap after GC invocations=53 (full 0):
 garbage-first heap   total 179200K, used 131985K [0x0000000080000000, 0x0000000100000000)
  region size 1024K, 3 young (3072K), 3 survivors (3072K)
 Metaspace       used 106413K, committed 107264K, reserved 1179648K
  class space    used 14902K, committed 15360K, reserved 1048576K
}
Event: 19.877 GC heap before
{Heap before GC invocations=53 (full 0):
 garbage-first heap   total 179200K, used 149393K [0x0000000080000000, 0x0000000100000000)
  region size 1024K, 21 young (21504K), 3 survivors (3072K)
 Metaspace       used 106441K, committed 107264K, reserved 1179648K
  class space    used 14905K, committed 15360K, reserved 1048576K
}
Event: 19.879 GC heap after
{Heap after GC invocations=54 (full 0):
 garbage-first heap   total 179200K, used 133490K [0x0000000080000000, 0x0000000100000000)
  region size 1024K, 3 young (3072K), 3 survivors (3072K)
 Metaspace       used 106441K, committed 107264K, reserved 1179648K
  class space    used 14905K, committed 15360K, reserved 1048576K
}
Event: 19.946 GC heap before
{Heap before GC invocations=54 (full 0):
 garbage-first heap   total 179200K, used 149874K [0x0000000080000000, 0x0000000100000000)
  region size 1024K, 20 young (20480K), 3 survivors (3072K)
 Metaspace       used 106441K, committed 107264K, reserved 1179648K
  class space    used 14905K, committed 15360K, reserved 1048576K
}
Event: 19.949 GC heap after
{Heap after GC invocations=55 (full 0):
 garbage-first heap   total 179200K, used 134859K [0x0000000080000000, 0x0000000100000000)
  region size 1024K, 3 young (3072K), 3 survivors (3072K)
 Metaspace       used 106441K, committed 107264K, reserved 1179648K
  class space    used 14905K, committed 15360K, reserved 1048576K
}
Event: 20.052 GC heap before
{Heap before GC invocations=55 (full 0):
 garbage-first heap   total 179200K, used 149195K [0x0000000080000000, 0x0000000100000000)
  region size 1024K, 18 young (18432K), 3 survivors (3072K)
 Metaspace       used 106443K, committed 107264K, reserved 1179648K
  class space    used 14905K, committed 15360K, reserved 1048576K
}
Event: 20.055 GC heap after
{Heap after GC invocations=56 (full 0):
 garbage-first heap   total 215040K, used 135970K [0x0000000080000000, 0x0000000100000000)
  region size 1024K, 3 young (3072K), 3 survivors (3072K)
 Metaspace       used 106443K, committed 107264K, reserved 1179648K
  class space    used 14905K, committed 15360K, reserved 1048576K
}
Event: 30.150 GC heap before
{Heap before GC invocations=56 (full 0):
 garbage-first heap   total 215040K, used 178978K [0x0000000080000000, 0x0000000100000000)
  region size 1024K, 46 young (47104K), 3 survivors (3072K)
 Metaspace       used 107834K, committed 108736K, reserved 1179648K
  class space    used 15116K, committed 15552K, reserved 1048576K
}
Event: 30.153 GC heap after
{Heap after GC invocations=57 (full 0):
 garbage-first heap   total 215040K, used 138577K [0x0000000080000000, 0x0000000100000000)
  region size 1024K, 6 young (6144K), 6 survivors (6144K)
 Metaspace       used 107834K, committed 108736K, reserved 1179648K
  class space    used 15116K, committed 15552K, reserved 1048576K
}
Event: 30.747 GC heap before
{Heap before GC invocations=57 (full 0):
 garbage-first heap   total 215040K, used 180561K [0x0000000080000000, 0x0000000100000000)
  region size 1024K, 46 young (47104K), 6 survivors (6144K)
 Metaspace       used 107955K, committed 108800K, reserved 1179648K
  class space    used 15132K, committed 15552K, reserved 1048576K
}
Event: 30.754 GC heap after
{Heap after GC invocations=58 (full 0):
 garbage-first heap   total 215040K, used 151288K [0x0000000080000000, 0x0000000100000000)
  region size 1024K, 6 young (6144K), 6 survivors (6144K)
 Metaspace       used 107955K, committed 108800K, reserved 1179648K
  class space    used 15132K, committed 15552K, reserved 1048576K
}
Event: 31.260 GC heap before
{Heap before GC invocations=58 (full 0):
 garbage-first heap   total 215040K, used 171768K [0x0000000080000000, 0x0000000100000000)
  region size 1024K, 27 young (27648K), 6 survivors (6144K)
 Metaspace       used 109906K, committed 110784K, reserved 1179648K
  class space    used 15412K, committed 15808K, reserved 1048576K
}
Event: 31.265 GC heap after
{Heap after GC invocations=59 (full 0):
 garbage-first heap   total 215040K, used 154412K [0x0000000080000000, 0x0000000100000000)
  region size 1024K, 3 young (3072K), 3 survivors (3072K)
 Metaspace       used 109906K, committed 110784K, reserved 1179648K
  class space    used 15412K, committed 15808K, reserved 1048576K
}
Event: 31.903 GC heap before
{Heap before GC invocations=59 (full 0):
 garbage-first heap   total 215040K, used 177964K [0x0000000080000000, 0x0000000100000000)
  region size 1024K, 23 young (23552K), 3 survivors (3072K)
 Metaspace       used 113318K, committed 114176K, reserved 1179648K
  class space    used 15737K, committed 16128K, reserved 1048576K
}
Event: 31.907 GC heap after
{Heap after GC invocations=60 (full 0):
 garbage-first heap   total 215040K, used 155900K [0x0000000080000000, 0x0000000100000000)
  region size 1024K, 2 young (2048K), 2 survivors (2048K)
 Metaspace       used 113318K, committed 114176K, reserved 1179648K
  class space    used 15737K, committed 16128K, reserved 1048576K
}
Event: 32.315 GC heap before
{Heap before GC invocations=60 (full 0):
 garbage-first heap   total 215040K, used 178428K [0x0000000080000000, 0x0000000100000000)
  region size 1024K, 23 young (23552K), 2 survivors (2048K)
 Metaspace       used 116474K, committed 117312K, reserved 1179648K
  class space    used 16085K, committed 16512K, reserved 1048576K
}
Event: 32.317 GC heap after
{Heap after GC invocations=61 (full 0):
 garbage-first heap   total 215040K, used 157931K [0x0000000080000000, 0x0000000100000000)
  region size 1024K, 3 young (3072K), 3 survivors (3072K)
 Metaspace       used 116474K, committed 117312K, reserved 1179648K
  class space    used 16085K, committed 16512K, reserved 1048576K
}

